{"C:\\Users\\boss\\Desktop\\workspace\\myworkspace\\js study\\test\\src\\math.js": {"path":"C:\\Users\\boss\\Desktop\\workspace\\myworkspace\\js study\\test\\src\\math.js","statementMap":{"0":{"start":{"line":1,"column":28},"end":{"line":1,"column":55}},"1":{"start":{"line":1,"column":38},"end":{"line":1,"column":55}},"2":{"start":{"line":3,"column":28},"end":{"line":3,"column":53}},"3":{"start":{"line":3,"column":38},"end":{"line":3,"column":53}},"4":{"start":{"line":5,"column":23},"end":{"line":5,"column":63}},"5":{"start":{"line":5,"column":46},"end":{"line":5,"column":63}},"6":{"start":{"line":7,"column":18},"end":{"line":19,"column":1}},"7":{"start":{"line":8,"column":4},"end":{"line":10,"column":5}},"8":{"start":{"line":9,"column":8},"end":{"line":9,"column":62}},"9":{"start":{"line":12,"column":19},"end":{"line":12,"column":25}},"10":{"start":{"line":13,"column":4},"end":{"line":17,"column":5}},"11":{"start":{"line":13,"column":17},"end":{"line":13,"column":18}},"12":{"start":{"line":14,"column":18},"end":{"line":14,"column":31}},"13":{"start":{"line":15,"column":18},"end":{"line":15,"column":31}},"14":{"start":{"line":16,"column":8},"end":{"line":16,"column":27}},"15":{"start":{"line":18,"column":4},"end":{"line":18,"column":27}},"16":{"start":{"line":21,"column":0},"end":{"line":23,"column":1}}},"fnMap":{"0":{"name":"(anonymous_0)","decl":{"start":{"line":1,"column":28},"end":{"line":1,"column":29}},"loc":{"start":{"line":1,"column":38},"end":{"line":1,"column":55}},"line":1},"1":{"name":"(anonymous_1)","decl":{"start":{"line":3,"column":28},"end":{"line":3,"column":29}},"loc":{"start":{"line":3,"column":38},"end":{"line":3,"column":53}},"line":3},"2":{"name":"(anonymous_2)","decl":{"start":{"line":5,"column":23},"end":{"line":5,"column":24}},"loc":{"start":{"line":5,"column":46},"end":{"line":5,"column":63}},"line":5},"3":{"name":"(anonymous_3)","decl":{"start":{"line":7,"column":18},"end":{"line":7,"column":19}},"loc":{"start":{"line":7,"column":31},"end":{"line":19,"column":1}},"line":7}},"branchMap":{"0":{"loc":{"start":{"line":5,"column":31},"end":{"line":5,"column":41}},"type":"default-arg","locations":[{"start":{"line":5,"column":37},"end":{"line":5,"column":41}}],"line":5},"1":{"loc":{"start":{"line":7,"column":19},"end":{"line":7,"column":26}},"type":"default-arg","locations":[{"start":{"line":7,"column":25},"end":{"line":7,"column":26}}],"line":7},"2":{"loc":{"start":{"line":8,"column":4},"end":{"line":10,"column":5}},"type":"if","locations":[{"start":{"line":8,"column":4},"end":{"line":10,"column":5}},{"start":{},"end":{}}],"line":8}},"s":{"0":1,"1":1,"2":1,"3":2,"4":1,"5":2,"6":1,"7":4,"8":1,"9":3,"10":3,"11":3,"12":8,"13":8,"14":8,"15":3,"16":1},"f":{"0":1,"1":2,"2":2,"3":4},"b":{"0":[1],"1":[1],"2":[1,3]},"_coverageSchema":"1a1c01bbd47fc00a2c39e90264f33305004495a9","hash":"d5bc30fdfc6ccb6f58a5832f6f3ec5c147ab0e79"}
}
